2018-04-10 01:33:11,689 [      0]   INFO -        #com.intellij.idea.Main - ------------------------------------------------------ IDE STARTED ------------------------------------------------------ 
2018-04-10 01:33:11,852 [    163]   INFO -        #com.intellij.idea.Main - IDE: IntelliJ IDEA (build #IC-181.4203.550, 26 Mar 2018 13:11) 
2018-04-10 01:33:11,852 [    163]   INFO -        #com.intellij.idea.Main - OS: Mac OS X (10.12.6, x86_64) 
2018-04-10 01:33:11,852 [    163]   INFO -        #com.intellij.idea.Main - JRE: 1.8.0_152-release-1136-b20 (JetBrains s.r.o) 
2018-04-10 01:33:11,852 [    163]   INFO -        #com.intellij.idea.Main - JVM: 25.152-b20 (OpenJDK 64-Bit Server VM) 
2018-04-10 01:33:11,860 [    171]   INFO -        #com.intellij.idea.Main - JVM Args: -Dapple.laf.useScreenMenuBar=true -Didea.classpath.index.enabled=false -Didea.config.path=/Users/kaimarshland/Programming/GDLPlugin/build/idea-sandbox/config -Didea.is.internal=true -Didea.platform.prefix=Idea -Didea.plugins.path=/Users/kaimarshland/Programming/GDLPlugin/build/idea-sandbox/plugins -Didea.required.plugins.id=org.gdlplugin -Didea.smooth.progress=false -Didea.system.path=/Users/kaimarshland/Programming/GDLPlugin/build/idea-sandbox/system -XX:MaxPermSize=250m -Xms256m -Xmx512m -Dfile.encoding=UTF-8 -Duser.country=US -Duser.language=en -Duser.variant -ea 
2018-04-10 01:33:11,860 [    171]   INFO -        #com.intellij.idea.Main - ext: /Users/kaimarshland/.gradle/caches/modules-2/files-2.1/com.jetbrains/jbre/jbrex8u152b1136.20_osx_x64/jdk/Contents/Home/jre/lib/ext: [cldrdata.jar, dnsns.jar, jaccess.jar, jfxrt.jar, localedata.jar, meta-index, nashorn.jar, sunec.jar, sunjce_provider.jar, sunpkcs11.jar, zipfs.jar] 
2018-04-10 01:33:11,860 [    171]   INFO -        #com.intellij.idea.Main - ext: /System/Library/Java/Extensions: [AppleScriptEngine.jar, dns_sd.jar, j3daudio.jar, j3dcore.jar, j3dutils.jar, jai_codec.jar, jai_core.jar, libAppleScriptEngine.jnilib, libJ3D.jnilib, libJ3DAudio.jnilib, libJ3DUtils.jnilib, libmlib_jai.jnilib, mlibwrapper_jai.jar, MRJToolkit.jar, vecmath.jar] 
2018-04-10 01:33:11,861 [    172]   INFO -        #com.intellij.idea.Main - ext: /usr/lib/java: [libjdns_sd.jnilib] 
2018-04-10 01:33:11,861 [    172]   INFO -        #com.intellij.idea.Main - JNU charset: UTF-8 
2018-04-10 01:33:11,876 [    187]   INFO -        #com.intellij.idea.Main - JNA library (64-bit) loaded in 15 ms 
2018-04-10 01:33:11,889 [    200]   INFO -        #com.intellij.idea.Main - initializing environment 
2018-04-10 01:33:11,890 [    201]   INFO - .intellij.util.EnvironmentUtil - loading shell env: /bin/bash -l -i -c '/Users/kaimarshland/.gradle/caches/modules-2/files-2.1/com.jetbrains.intellij.idea/ideaIC/2018.1/d082978a55b398ef544e7daee1dd6228b88dbfc1/ideaIC-2018.1/bin/printenv.py' '/private/var/folders/2l/8hkhc55530bd_zl1nnsytnc40000gn/T/intellij-shell-env.tmp' 
2018-04-10 01:33:11,899 [    210]   INFO -     #com.intellij.util.ui.JBUI - User scale factor: 1.0 
2018-04-10 01:33:11,900 [    211]   INFO -     #com.intellij.util.ui.JBUI - System scale factor: 2.0 (JRE-managed HiDPI) 
2018-04-10 01:33:12,419 [    730]   INFO - .intellij.util.EnvironmentUtil - shell environment loaded (55 vars) 
2018-04-10 01:33:13,749 [   2060]   INFO - .intellij.idea.IdeaApplication - CPU cores: 8; ForkJoinPool.commonPool: java.util.concurrent.ForkJoinPool@df2a76[Running, parallelism = 7, size = 0, active = 0, running = 0, steals = 0, tasks = 0, submissions = 0]; factory: com.intellij.concurrency.IdeaForkJoinWorkerThreadFactory@12647223 
2018-04-10 01:33:14,350 [   2661]   INFO - llij.ide.plugins.PluginManager - Cannot find optional descriptor duplicates-groovy.xml 
2018-04-10 01:33:14,829 [   3140]   INFO - llij.ide.plugins.PluginManager - 35 plugins initialized in 754 ms 
2018-04-10 01:33:14,831 [   3142]   INFO - llij.ide.plugins.PluginManager - Loaded bundled plugins: Android Support (10.3.0), Ant Support (1.0), Bytecode Viewer (0.1), CVS Integration (11), Copyright (8.1), Coverage (181.4203.550), Eclipse Integration (3.0), EditorConfig (181.4203.550), Git Integration (8.1), GitHub (181.4203.550), Gradle (181.4203.550), Groovy (9.0), I18n for Java (181.4203.550), IDEA CORE (181.4203.550), IntelliLang (8.0), JUnit (1.0), Java Bytecode Decompiler (181.4203.550), Java Stream Debugger (181.4203.550), JavaFX (1.0), Kotlin (1.2.30-release-IJ2018.1-1), Maven Integration (181.4203.550), Mercurial Integration (10.0), Plugin DevKit (1.0), Properties Support (181.4203.550), Settings Repository (181.4203.550), Smali Support (1.0), Subversion Integration (1.1), Task Management (1.0), Terminal (0.1), TestNG-J (8.0), UI Designer (181.4203.550), XPathView + XSLT Support (4), XSLT-Debugger (1.4), YAML (181.4203.550) 
2018-04-10 01:33:14,832 [   3143]   INFO - llij.ide.plugins.PluginManager - Loaded custom plugins: Gdl (0.1) 
2018-04-10 01:33:15,568 [   3879]   INFO - ellij.vfs.persistent.FSRecords - Marking VFS as corrupted: '/Users/kaimarshland/Programming/GDLPlugin/build/idea-sandbox/system/caches/names.dat' does not exist 
2018-04-10 01:33:15,569 [   3880]   INFO - ellij.util.io.PagedFileStorage - lower=100; upper=435; buffer=10; max=435 
2018-04-10 01:33:15,621 [   3932]   INFO - pl.local.NativeFileWatcherImpl - Starting file watcher: /Users/kaimarshland/.gradle/caches/modules-2/files-2.1/com.jetbrains.intellij.idea/ideaIC/2018.1/d082978a55b398ef544e7daee1dd6228b88dbfc1/ideaIC-2018.1/bin/mac/fsnotifier 
2018-04-10 01:33:15,632 [   3943]   INFO - pl.local.NativeFileWatcherImpl - Native file watcher is operational. 
2018-04-10 01:33:16,131 [   4442]   WARN - nSystem.impl.ActionManagerImpl - keymap "Xcode" not found [Plugin: Git4Idea] 
2018-04-10 01:33:16,160 [   4471]   WARN - nSystem.impl.ActionManagerImpl - keymap "Xcode" not found [Plugin: hg4idea] 
2018-04-10 01:33:16,212 [   4523]   INFO - .history.utils.LocalHistoryLog - local history version mismatch (was: 0, expected: 6), rebuilding... 
2018-04-10 01:33:16,212 [   4523]   INFO - .history.utils.LocalHistoryLog - FS has been rebuild, rebuilding local history... 
2018-04-10 01:33:16,421 [   4732]   INFO - .openapi.application.Preloader - Finished preloading com.intellij.ide.ui.OptionsTopHitProvider$Activity@29a81d36 
2018-04-10 01:33:16,513 [   4824]   INFO - til.net.ssl.CertificateManager - Default SSL context initialized 
2018-04-10 01:33:16,530 [   4841]   INFO - rains.ide.BuiltInServerManager - built-in server started, port 63344 
2018-04-10 01:33:16,602 [   4913]   INFO - gs.impl.UpdateCheckerComponent - channel: release 
2018-04-10 01:33:16,822 [   5133]   INFO - il.indexing.FileBasedIndexImpl - Index exts enumerated:181, number of extensions:44 
2018-04-10 01:33:16,826 [   5137]   INFO - il.indexing.FileBasedIndexImpl - Index scheduled:3 
2018-04-10 01:33:16,854 [   5165]   INFO - tellij.psi.stubs.StubIndexImpl - All stub exts enumerated:26, number of extensions:49 
2018-04-10 01:33:16,855 [   5166]   INFO - tellij.psi.stubs.StubIndexImpl - stub exts update scheduled:0 
2018-04-10 01:33:17,468 [   5779]   INFO - ij.psi.stubs.StubUpdatingIndex - Following new file types will be indexed:KJSM,HTML,XML,Kotlin,Groovy,JAVA,Properties,kotlin_builtins,CLASS 
2018-04-10 01:33:17,490 [   5801]   INFO - plication.impl.ApplicationImpl - 89 application components initialized in 3419ms 
2018-04-10 01:33:17,523 [   5834]   INFO - .intellij.idea.IdeaApplication - App initialization took 6559 ms 
2018-04-10 01:33:17,524 [   5835]   INFO - llij.ide.plugins.PluginManager - org.jetbrains.kotlin loaded 600 classes 
2018-04-10 01:33:17,524 [   5835]   INFO - llij.ide.plugins.PluginManager - org.intellij.groovy loaded 177 classes 
2018-04-10 01:33:17,525 [   5836]   INFO - llij.ide.plugins.PluginManager - org.jetbrains.android loaded 147 classes 
2018-04-10 01:33:17,525 [   5836]   INFO - llij.ide.plugins.PluginManager - CVS loaded 42 classes 
2018-04-10 01:33:17,525 [   5836]   INFO - llij.ide.plugins.PluginManager - org.jetbrains.idea.maven loaded 41 classes 
2018-04-10 01:33:17,525 [   5836]   INFO - llij.ide.plugins.PluginManager - org.jetbrains.settingsRepository loaded 31 classes 
2018-04-10 01:33:17,525 [   5836]   INFO - llij.ide.plugins.PluginManager - com.intellij.properties loaded 28 classes 
2018-04-10 01:33:17,525 [   5836]   INFO - llij.ide.plugins.PluginManager - com.intellij.uiDesigner loaded 26 classes 
2018-04-10 01:33:17,525 [   5836]   INFO - llij.ide.plugins.PluginManager - Git4Idea loaded 23 classes 
2018-04-10 01:33:17,525 [   5836]   INFO - llij.ide.plugins.PluginManager - com.intellij.tasks loaded 22 classes 
2018-04-10 01:33:17,525 [   5836]   INFO - llij.ide.plugins.PluginManager - hg4idea loaded 21 classes 
2018-04-10 01:33:17,525 [   5836]   INFO - llij.ide.plugins.PluginManager - Subversion loaded 19 classes 
2018-04-10 01:33:17,525 [   5836]   INFO - llij.ide.plugins.PluginManager - XPathView loaded 14 classes 
2018-04-10 01:33:17,525 [   5836]   INFO - llij.ide.plugins.PluginManager - org.jetbrains.plugins.github loaded 14 classes 
2018-04-10 01:33:17,525 [   5836]   INFO - llij.ide.plugins.PluginManager - org.jetbrains.plugins.yaml loaded 13 classes 
2018-04-10 01:33:17,525 [   5836]   INFO - llij.ide.plugins.PluginManager - org.jetbrains.plugins.javaFX loaded 11 classes 
2018-04-10 01:33:17,525 [   5836]   INFO - llij.ide.plugins.PluginManager - org.jetbrains.plugins.gradle loaded 10 classes 
2018-04-10 01:33:17,525 [   5836]   INFO - llij.ide.plugins.PluginManager - AntSupport loaded 9 classes 
2018-04-10 01:33:17,525 [   5836]   INFO - llij.ide.plugins.PluginManager - org.gdlplugin loaded 8 classes 
2018-04-10 01:33:17,525 [   5836]   INFO - llij.ide.plugins.PluginManager - DevKit loaded 6 classes 
2018-04-10 01:33:17,526 [   5837]   INFO - llij.ide.plugins.PluginManager - com.android.tools.idea.smali loaded 5 classes 
2018-04-10 01:33:17,526 [   5837]   INFO - llij.ide.plugins.PluginManager - com.intellij.copyright loaded 3 classes 
2018-04-10 01:33:17,526 [   5837]   INFO - llij.ide.plugins.PluginManager - ByteCodeViewer loaded 2 classes 
2018-04-10 01:33:17,526 [   5837]   INFO - llij.ide.plugins.PluginManager - org.jetbrains.idea.eclipse loaded 2 classes 
2018-04-10 01:33:17,526 [   5837]   INFO - llij.ide.plugins.PluginManager - Coverage loaded 1 classes 
2018-04-10 01:33:17,930 [   6241]   INFO - pi.util.registry.RegistryValue - Registry value 'java.completion.argument.hints' has changed to 'false" 
2018-04-10 01:33:17,930 [   6241]   INFO - pi.util.registry.RegistryValue - Registry value 'java.completion.argument.hints.internal' has changed to 'false" 
2018-04-10 01:33:17,957 [   6268]   INFO - com.intellij.ide.ui.UISettings - Loaded: fontSize=12, fontScale=1.0; restored: fontSize=12, fontScale=1.0 
2018-04-10 01:33:18,264 [   6575]   INFO - pl$FileIndexDataInitialization - Initialization done:1438 
2018-04-10 01:33:18,428 [   6739]   INFO - j.ide.ui.OptionsTopHitProvider - 582 ms spent to cache options in application 
2018-04-10 01:33:18,743 [   7054]   INFO - exImpl$StubIndexInitialization - Initialization done:478 
2018-04-10 01:33:18,773 [   7084]   INFO - .openapi.application.Preloader - Finished preloading com.intellij.openapi.actionSystem.impl.ActionPreloader@34297027 
2018-04-10 01:33:19,782 [   8093]   INFO - .openapi.application.Preloader - Finished preloading com.intellij.ide.ui.search.SearchableOptionPreloader@507e5a02 
2018-04-10 01:33:19,813 [   8124]   INFO - ellij.project.impl.ProjectImpl - 20 project components initialized in 186 ms 
2018-04-10 01:33:19,976 [   8287]   INFO - .openapi.application.Preloader - Finished preloading com.intellij.codeInsight.completion.CompletionPreloader@7e72ec57 
2018-04-10 01:33:19,982 [   8293]   INFO - .openapi.application.Preloader - Finished preloading com.intellij.ide.actions.GotoClassPresentationUpdater@64f1f8df 
2018-04-10 01:33:33,184 [  21495]   INFO - ellij.project.impl.ProjectImpl - 154 project components initialized in 1256 ms 
2018-04-10 01:33:33,266 [  21577]   INFO - le.impl.ModuleManagerComponent - 1 module(s) loaded in 81 ms 
2018-04-10 01:33:33,360 [  21671]   INFO - j.ide.script.IdeStartupScripts - 0 startup script(s) found 
2018-04-10 01:33:33,443 [  21754]   WARN - j.ui.mac.MacMainFrameDecorator - no url bundle present. 
To use platform protocol handler to open external links specify required protocols in the mac app layout section of the build file
Example: args.urlSchemes = ["your-protocol"] will handle following links: your-protocol://open?file=file&line=line 
2018-04-10 01:33:33,805 [  22116]   INFO - ntellij.internal.IconsLoadTime - PNG load time: total=40.00ms, average=0.40ms, median=0.25ms; number of icons: 100 
2018-04-10 01:33:33,935 [  22246]   INFO - CompilerBackwardReferenceIndex - backward reference index version differ due to: class java.io.FileNotFoundException 
2018-04-10 01:33:34,280 [  22591]   INFO - ntellij.internal.IconsLoadTime - PNG load time: ide_startup=43.25ms, average=0.37ms, median=0.16ms; number of icons: 117 
2018-04-10 01:33:34,386 [  22697]   INFO - penapi.project.DumbServiceImpl - Running dumb mode task: com.intellij.util.indexing.UnindexedFilesUpdater@6d88dede 
2018-04-10 01:33:34,410 [  22721]   INFO - .diagnostic.PerformanceWatcher - Pushing properties took 22ms; general responsiveness: ok; EDT responsiveness: ok 
2018-04-10 01:33:34,603 [  22914]   INFO - rojectCodeStyleSettingsManager - Initialized from default code style settings. 
2018-04-10 01:33:34,815 [  23126]   INFO - .diagnostic.PerformanceWatcher - Indexable file iteration took 403ms; general responsiveness: ok; EDT responsiveness: 1/1 sluggish 
2018-04-10 01:33:34,815 [  23126]   INFO - indexing.UnindexedFilesUpdater - Unindexed files update started: 221 files to update 
2018-04-10 01:33:34,835 [  23146]   INFO - tartup.impl.StartupManagerImpl - OpenFilesActivity run in 547ms under project opening modal progress 
2018-04-10 01:33:34,919 [  23230]   INFO - ge.ExternalProjectsDataStorage - Loaded external projects data in 5 millis 
2018-04-10 01:33:34,954 [  23265]   INFO - .diagnostic.PerformanceWatcher - Post-startup activities under progress took 693ms; general responsiveness: ok; EDT responsiveness: 1/1 sluggish 
2018-04-10 01:33:35,899 [  24210]   INFO - tartup.impl.StartupManagerImpl - /Users/kaimarshland/Programming/Maurice/Misc/WeekOneGame/.idea case-sensitivity: expected=false actual=false 
2018-04-10 01:33:35,913 [  24224]   INFO - pl.projectlevelman.NewMappings - VCS Root: [] - [<Project>] 
2018-04-10 01:33:36,321 [  24632]   INFO - tor.impl.FileEditorManagerImpl - Project opening took 4410 ms 
2018-04-10 01:33:36,321 [  24632]   INFO - llij.ide.plugins.PluginManager - org.jetbrains.kotlin loaded 2231 classes 
2018-04-10 01:33:36,321 [  24632]   INFO - llij.ide.plugins.PluginManager - org.jetbrains.android loaded 1314 classes 
2018-04-10 01:33:36,321 [  24632]   INFO - llij.ide.plugins.PluginManager - org.intellij.groovy loaded 518 classes 
2018-04-10 01:33:36,321 [  24632]   INFO - llij.ide.plugins.PluginManager - com.intellij.uiDesigner loaded 210 classes 
2018-04-10 01:33:36,322 [  24633]   INFO - llij.ide.plugins.PluginManager - org.jetbrains.idea.maven loaded 198 classes 
2018-04-10 01:33:36,322 [  24633]   INFO - llij.ide.plugins.PluginManager - Git4Idea loaded 112 classes 
2018-04-10 01:33:36,322 [  24633]   INFO - llij.ide.plugins.PluginManager - org.jetbrains.debugger.streams loaded 107 classes 
2018-04-10 01:33:36,322 [  24633]   INFO - llij.ide.plugins.PluginManager - com.intellij.tasks loaded 104 classes 
2018-04-10 01:33:36,322 [  24633]   INFO - llij.ide.plugins.PluginManager - CVS loaded 81 classes 
2018-04-10 01:33:36,322 [  24633]   INFO - llij.ide.plugins.PluginManager - org.jetbrains.plugins.gradle loaded 78 classes 
2018-04-10 01:33:36,322 [  24633]   INFO - llij.ide.plugins.PluginManager - com.intellij.properties loaded 70 classes 
2018-04-10 01:33:36,322 [  24633]   INFO - llij.ide.plugins.PluginManager - XPathView loaded 66 classes 
2018-04-10 01:33:36,322 [  24633]   INFO - llij.ide.plugins.PluginManager - Subversion loaded 58 classes 
2018-04-10 01:33:36,322 [  24633]   INFO - llij.ide.plugins.PluginManager - hg4idea loaded 46 classes 
2018-04-10 01:33:36,322 [  24633]   INFO - llij.ide.plugins.PluginManager - DevKit loaded 45 classes 
2018-04-10 01:33:36,322 [  24633]   INFO - llij.ide.plugins.PluginManager - org.jetbrains.settingsRepository loaded 37 classes 
2018-04-10 01:33:36,322 [  24633]   INFO - llij.ide.plugins.PluginManager - Coverage loaded 36 classes 
2018-04-10 01:33:36,322 [  24633]   INFO - llij.ide.plugins.PluginManager - AntSupport loaded 29 classes 
2018-04-10 01:33:36,322 [  24633]   INFO - llij.ide.plugins.PluginManager - org.jetbrains.plugins.github loaded 23 classes 
2018-04-10 01:33:36,322 [  24633]   INFO - llij.ide.plugins.PluginManager - org.jetbrains.plugins.javaFX loaded 22 classes 
2018-04-10 01:33:36,322 [  24633]   INFO - llij.ide.plugins.PluginManager - org.jetbrains.plugins.yaml loaded 18 classes 
2018-04-10 01:33:36,322 [  24633]   INFO - llij.ide.plugins.PluginManager - org.editorconfig.editorconfigjetbrains loaded 16 classes 
2018-04-10 01:33:36,322 [  24633]   INFO - llij.ide.plugins.PluginManager - JUnit loaded 14 classes 
2018-04-10 01:33:36,322 [  24633]   INFO - llij.ide.plugins.PluginManager - org.gdlplugin loaded 13 classes 
2018-04-10 01:33:36,322 [  24633]   INFO - llij.ide.plugins.PluginManager - TestNG-J loaded 13 classes 
2018-04-10 01:33:36,322 [  24633]   INFO - llij.ide.plugins.PluginManager - org.jetbrains.plugins.terminal loaded 11 classes 
2018-04-10 01:33:36,322 [  24633]   INFO - llij.ide.plugins.PluginManager - org.jetbrains.idea.eclipse loaded 9 classes 
2018-04-10 01:33:36,322 [  24633]   INFO - llij.ide.plugins.PluginManager - org.jetbrains.java.decompiler loaded 7 classes 
2018-04-10 01:33:36,322 [  24633]   INFO - llij.ide.plugins.PluginManager - com.intellij.copyright loaded 6 classes 
2018-04-10 01:33:36,322 [  24633]   INFO - llij.ide.plugins.PluginManager - com.android.tools.idea.smali loaded 5 classes 
2018-04-10 01:33:36,322 [  24633]   INFO - llij.ide.plugins.PluginManager - org.intellij.intelliLang loaded 5 classes 
2018-04-10 01:33:36,322 [  24633]   INFO - llij.ide.plugins.PluginManager - com.intellij.java-i18n loaded 4 classes 
2018-04-10 01:33:36,322 [  24633]   INFO - llij.ide.plugins.PluginManager - XSLT-Debugger loaded 2 classes 
2018-04-10 01:33:36,322 [  24633]   INFO - llij.ide.plugins.PluginManager - ByteCodeViewer loaded 2 classes 
2018-04-10 01:33:36,360 [  24671]   INFO - .diagnostic.PerformanceWatcher - Unindexed files update took 1545ms; general responsiveness: ok; EDT responsiveness: 1/1 sluggish 
2018-04-10 01:33:36,392 [  24703]   INFO - penapi.project.DumbServiceImpl - Running dumb mode task: initial refresh 
2018-04-10 01:33:36,429 [  24740]   INFO - penapi.project.DumbServiceImpl - updateFinished 
2018-04-10 01:33:36,430 [  24741]   INFO - g.FileBasedIndexProjectHandler - Has changed files: false; project=Project '/Users/kaimarshland/Programming/Maurice/Misc/WeekOneGame' WeekOneGame 
2018-04-10 01:33:37,455 [  25766]   INFO - j.ide.ui.OptionsTopHitProvider - 174 ms spent to cache options in project 
2018-04-10 01:33:37,476 [  25787]   INFO - penapi.project.DumbServiceImpl - Running dumb mode task: com.android.tools.idea.res.ResourceFolderRepositoryFileCacheImpl$PruneTask@3159efff 
2018-04-10 01:33:37,542 [  25853]   INFO - penapi.project.DumbServiceImpl - Running dumb mode task: com.android.tools.idea.res.ResourceFolderRepositoryFileCacheImpl$ManageLruProjectFilesTask@44d54d07 
2018-04-10 01:33:37,594 [  25905]   INFO - penapi.project.DumbServiceImpl - updateFinished 
2018-04-10 01:33:37,595 [  25906]   INFO - g.FileBasedIndexProjectHandler - Has changed files: false; project=Project '/Users/kaimarshland/Programming/Maurice/Misc/WeekOneGame' WeekOneGame 
2018-04-10 01:33:37,631 [  25942]   INFO - penapi.project.DumbServiceImpl - Running dumb mode task: com.android.tools.idea.res.ResourceFolderRegistry$PopulateCachesTask@5dfd0006 
2018-04-10 01:33:37,647 [  25958]   INFO - penapi.project.DumbServiceImpl - updateFinished 
2018-04-10 01:33:37,648 [  25959]   INFO - g.FileBasedIndexProjectHandler - Has changed files: false; project=Project '/Users/kaimarshland/Programming/Maurice/Misc/WeekOneGame' WeekOneGame 
2018-04-10 01:33:37,956 [  26267]   INFO - CompilerWorkspaceConfiguration - Available processors: 8 
2018-04-10 01:33:39,353 [  27664]   INFO -       ScriptTemplatesProviders - [kts] loading script definitions [] using cp:  
2018-04-10 01:33:52,305 [  40616]   INFO - stubs.SerializationManagerImpl - START StubSerializationManager SHUTDOWN 
2018-04-10 01:33:52,306 [  40617]   INFO - stubs.SerializationManagerImpl - END StubSerializationManager SHUTDOWN 
2018-04-10 01:33:52,306 [  40617]   INFO - il.indexing.FileBasedIndexImpl - START INDEX SHUTDOWN 
2018-04-10 01:33:52,336 [  40647]   INFO - il.indexing.FileBasedIndexImpl - END INDEX SHUTDOWN 
2018-04-10 01:33:52,363 [  40674]   INFO - org.jetbrains.io.BuiltInServer - web server stopped 
2018-04-10 01:33:52,365 [  40676]   INFO - Types.impl.FileTypeManagerImpl - FileTypeManager: 3 auto-detected files
Elapsed time on auto-detect: 6 ms 
2018-04-10 01:33:52,370 [  40681]   INFO - pl.local.NativeFileWatcherImpl - Watcher terminated with exit code 0 
2018-04-10 01:33:52,373 [  40684]   INFO - newvfs.persistent.PersistentFS - VFS dispose started 
2018-04-10 01:33:52,385 [  40696]   INFO - newvfs.persistent.PersistentFS - VFS dispose completed 
2018-04-10 01:33:52,387 [  40698]   INFO - plication.impl.ApplicationImpl - Write action Statistics:
Event number:     46
Total time spent: 504ms
Average duration: 10ms
Median  duration: 1ms
Max  duration:    267ms (it was 'write action (class com.intellij.configurationStore.schemeManager.SchemeLoaderKt$getOrCreateChild$$inlined$runUndoTransparentWriteAction$1$1)') 
2018-04-10 01:33:52,388 [  40699]   INFO - plication.impl.ApplicationImpl - AnAction.update() Statistics:
Event number:     2127
Total time spent: 56ms
Average duration: 0ms
Median  duration: 0ms
Max  duration:    27ms (it was 'Stop action update (class com.intellij.execution.actions.StopAction)') 
2018-04-10 01:33:52,388 [  40699]   INFO - plication.impl.ApplicationImpl - Global instance threads created counter = 10; ProcessIOExecutorService threads: 3 
2018-04-10 01:33:52,390 [  40701]   INFO -        #com.intellij.idea.Main - ------------------------------------------------------ IDE SHUTDOWN ------------------------------------------------------ 
2018-04-10 01:33:52,391 [  40702]   INFO - org.jetbrains.io.BuiltInServer - web server stopped 
